#
# There is insufficient memory for the Java Runtime Environment to continue.
# Native memory allocation (mmap) failed to map 132120576 bytes for Failed to commit area from 0x0000000082600000 to 0x000000008a400000 of length 132120576.
# Possible reasons:
#   The system is out of physical RAM or swap space
#   The process is running with CompressedOops enabled, and the Java Heap may be blocking the growth of the native heap
# Possible solutions:
#   Reduce memory load on the system
#   Increase physical memory or swap space
#   Check if swap backing store is full
#   Decrease Java heap size (-Xmx/-Xms)
#   Decrease number of Java threads
#   Decrease Java thread stack sizes (-Xss)
#   Set larger code cache with -XX:ReservedCodeCacheSize=
# This output file may be truncated or incomplete.
#
#  Out of Memory Error (./open/src/hotspot/os/windows/os_windows.cpp:3271), pid=23612, tid=18128
#
# JRE version:  (11.0.7+8) (build )
# Java VM: Java HotSpot(TM) 64-Bit Server VM (11.0.7+8-LTS, mixed mode, sharing, tiered, compressed oops, g1 gc, windows-amd64)
# No core dump will be written. Minidumps are not enabled by default on client versions of Windows
#

---------------  S U M M A R Y ------------

Command Line: -Dfile.encoding=Cp1252 HotelManagementSystem.CheckOut

Host: Intel(R) Core(TM) i7-8750H CPU @ 2.20GHz, 12 cores, 7G,  Windows 10 , 64 bit Build 19041 (10.0.19041.928)
Time: Sun Jun 20 23:49:42 2021 India Standard Time elapsed time: 0 seconds (0d 0h 0m 0s)

---------------  T H R E A D  ---------------

Current thread (0x000001c996dd2000):  JavaThread "Unknown thread" [_thread_in_vm, id=18128, stack(0x0000007495f00000,0x0000007496000000)]

Stack: [0x0000007495f00000,0x0000007496000000]
Native frames: (J=compiled Java code, j=interpreted, Vv=VM code, C=native code)
V  [jvm.dll+0x661a7a]
V  [jvm.dll+0x7a1b2f]
V  [jvm.dll+0x7a31d5]
V  [jvm.dll+0x7a3843]
V  [jvm.dll+0x25f1a8]
V  [jvm.dll+0x65ee8a]
V  [jvm.dll+0x653865]
V  [jvm.dll+0x316adc]
V  [jvm.dll+0x316962]
V  [jvm.dll+0x31c1d6]
V  [jvm.dll+0x3688af]
V  [jvm.dll+0x3682d0]
V  [jvm.dll+0x2f3888]
V  [jvm.dll+0x2f49e6]
V  [jvm.dll+0x77ac57]
V  [jvm.dll+0x77c52f]
V  [jvm.dll+0x3755a9]
V  [jvm.dll+0x75fe6e]
V  [jvm.dll+0x3e5b7d]
V  [jvm.dll+0x3e8091]
C  [javaw.exe+0x3617]
C  [javaw.exe+0x17e2c]
C  [KERNEL32.DLL+0x17034]
C  [ntdll.dll+0x52651]


---------------  P R O C E S S  ---------------

Threads class SMR info:
_java_thread_list=0x000001c9953a1d90, length=0, elements={
}

Java Threads: ( => current thread )

Other Threads:
  0x000001c996de6000 GCTaskThread "GC Thread#0" [stack: 0x0000007496000000,0x0000007496100000] [id=20692]
  0x000001c996e17000 ConcurrentGCThread "G1 Main Marker" [stack: 0x0000007496100000,0x0000007496200000] [id=23692]
  0x000001c996e1d800 ConcurrentGCThread "G1 Conc#0" [stack: 0x0000007496200000,0x0000007496300000] [id=16064]

[error occurred during error reporting (printing all threads), id 0xc0000005, EXCEPTION_ACCESS_VIOLATION (0xc0000005) at pc=0x00007fffa6452047]

VM state:not at safepoint (not fully initialized)

VM Mutex/Monitor currently owned by a thread:  ([mutex/lock_event])
[0x000001c996dcd5c0] Heap_lock - owner thread: 0x000001c996dd2000

Heap address: 0x0000000082600000, size: 2010 MB, Compressed Oops mode: Non-zero based: 0x0000000082600000
Narrow klass base: 0x0000000000000000, Narrow klass shift: 0

GC Heap History (0 events):
No events

Deoptimization events (0 events):
No events

Classes redefined (0 events):
No events

Internal exceptions (0 events):
No events

Events (0 events):
No events


Dynamic libraries:
0x00007ff733520000 - 0x00007ff733567000 	C:\Program Files\Java\jdk-11.0.7\bin\javaw.exe
0x00007ff828e50000 - 0x00007ff829045000 	C:\Windows\SYSTEM32\ntdll.dll
0x00007ff828d30000 - 0x00007ff828ded000 	C:\Windows\System32\KERNEL32.DLL
0x00007ff826660000 - 0x00007ff826928000 	C:\Windows\System32\KERNELBASE.dll
0x00007ff827060000 - 0x00007ff82710c000 	C:\Windows\System32\ADVAPI32.dll
0x00007ff827200000 - 0x00007ff82729e000 	C:\Windows\System32\msvcrt.dll
0x00007ff827f00000 - 0x00007ff827f9b000 	C:\Windows\System32\sechost.dll
0x00007ff828790000 - 0x00007ff8288bb000 	C:\Windows\System32\RPCRT4.dll
0x00007ff8272a0000 - 0x00007ff827440000 	C:\Windows\System32\USER32.dll
0x00007ff826930000 - 0x00007ff826952000 	C:\Windows\System32\win32u.dll
0x00007ff827600000 - 0x00007ff82762a000 	C:\Windows\System32\GDI32.dll
0x00007ff826ca0000 - 0x00007ff826dab000 	C:\Windows\System32\gdi32full.dll
0x00007ff826590000 - 0x00007ff82662d000 	C:\Windows\System32\msvcp_win.dll
0x00007ff826db0000 - 0x00007ff826eb0000 	C:\Windows\System32\ucrtbase.dll
0x00007ff813530000 - 0x00007ff8137ca000 	C:\Windows\WinSxS\amd64_microsoft.windows.common-controls_6595b64144ccf1df_6.0.19041.844_none_ca00b6081b84eb1d\COMCTL32.dll
0x00007ff81e9d0000 - 0x00007ff81e9da000 	C:\Windows\SYSTEM32\VERSION.dll
0x00007ff826fc0000 - 0x00007ff826ff0000 	C:\Windows\System32\IMM32.DLL
0x00007ff821ab0000 - 0x00007ff821ac6000 	C:\Program Files\Java\jdk-11.0.7\bin\vcruntime140.dll
0x00007ff811510000 - 0x00007ff8115ba000 	C:\Program Files\Java\jdk-11.0.7\bin\msvcp140.dll
0x00007fffa6150000 - 0x00007fffa6cb1000 	C:\Program Files\Java\jdk-11.0.7\bin\server\jvm.dll
0x00007ff828780000 - 0x00007ff828788000 	C:\Windows\System32\PSAPI.DLL
0x00007ff811850000 - 0x00007ff811877000 	C:\Windows\SYSTEM32\WINMM.dll
0x00007ff821a40000 - 0x00007ff821a49000 	C:\Windows\SYSTEM32\WSOCK32.dll
0x00007ff828560000 - 0x00007ff8285cb000 	C:\Windows\System32\WS2_32.dll
0x00007ff824e60000 - 0x00007ff824e72000 	C:\Windows\SYSTEM32\kernel.appcore.dll
0x00007ff81a860000 - 0x00007ff81a871000 	C:\Program Files\Java\jdk-11.0.7\bin\verify.dll
0x00007ff824b90000 - 0x00007ff824d74000 	C:\Windows\SYSTEM32\DBGHELP.DLL
0x00007ff807290000 - 0x00007ff8072bc000 	C:\Windows\SYSTEM32\dbgcore.DLL
0x00007ff826c20000 - 0x00007ff826ca0000 	C:\Windows\System32\bcryptPrimitives.dll
0x00007ff8116a0000 - 0x00007ff8116c9000 	C:\Program Files\Java\jdk-11.0.7\bin\java.dll
0x00007ff8219f0000 - 0x00007ff8219fa000 	C:\Program Files\Java\jdk-11.0.7\bin\jimage.dll
0x00007ff811600000 - 0x00007ff811616000 	C:\Program Files\Java\jdk-11.0.7\bin\zip.dll

dbghelp: loaded successfully - version: 4.0.5 - missing functions: none
symbol engine: initialized successfully - sym options: 0x614 - pdb path: .;C:\Program Files\Java\jdk-11.0.7\bin;C:\Windows\SYSTEM32;C:\Windows\WinSxS\amd64_microsoft.windows.common-controls_6595b64144ccf1df_6.0.19041.844_none_ca00b6081b84eb1d;C:\Program Files\Java\jdk-11.0.7\bin\server

VM Arguments:
jvm_args: -Dfile.encoding=Cp1252 
java_command: HotelManagementSystem.CheckOut
java_class_path (initial): C:\Users\satwi\eclipse-workspace\HotelManagementSystem\bin;C:\Users\satwi\eclipse-workspace\MultiPagesProject\WebContent\WEB-INF\lib\mysql-connector-java-5.1.22-bin.jar;E:\DATABASE\rs2xml.jar
Launcher Type: SUN_STANDARD

[Global flags]
     intx CICompilerCount                          = 4                                         {product} {ergonomic}
     uint ConcGCThreads                            = 3                                         {product} {ergonomic}
     uint G1ConcRefinementThreads                  = 10                                        {product} {ergonomic}
   size_t G1HeapRegionSize                         = 1048576                                   {product} {ergonomic}
    uintx GCDrainStackTargetSize                   = 64                                        {product} {ergonomic}
   size_t InitialHeapSize                          = 132120576                                 {product} {ergonomic}
   size_t MarkStackSize                            = 4194304                                   {product} {ergonomic}
   size_t MaxHeapSize                              = 2107637760                                {product} {ergonomic}
   size_t MinHeapDeltaBytes                        = 1048576                                   {product} {ergonomic}
    uintx NonNMethodCodeHeapSize                   = 5836300                                {pd product} {ergonomic}
    uintx NonProfiledCodeHeapSize                  = 122910970                              {pd product} {ergonomic}
    uintx ProfiledCodeHeapSize                     = 122910970                              {pd product} {ergonomic}
    uintx ReservedCodeCacheSize                    = 251658240                              {pd product} {ergonomic}
     bool SegmentedCodeCache                       = true                                      {product} {ergonomic}
     bool UseCompressedClassPointers               = true                                 {lp64_product} {ergonomic}
     bool UseCompressedOops                        = true                                 {lp64_product} {ergonomic}
     bool UseG1GC                                  = true                                      {product} {ergonomic}
     bool UseLargePagesIndividualAllocation        = false                                  {pd product} {ergonomic}

Logging:
Log output configuration:
 #0: stdout all=warning uptime,level,tags
 #1: stderr all=off uptime,level,tags

Environment Variables:
PATH=C:/Program Files/Java/jdk-11.0.7/bin/server;C:/Program Files/Java/jdk-11.0.7/bin;C:\Windows\system32;C:\Windows;C:\Windows\System32\Wbem;C:\Windows\System32\WindowsPowerShell\v1.0\;C:\Windows\System32\OpenSSH\;C:\Program Files (x86)\NVIDIA Corporation\PhysX\Common;C:\Program Files (x86)\Intel\Intel(R) Management Engine Components\DAL;C:\Program Files\Intel\Intel(R) Management Engine Components\DAL;C:\Program Files\nodejs\;C:\Program Files\NVIDIA Corporation\NVIDIA NvDLISR;E:\Flutter\FLUTTER SOFTWARE\Git\cmd;C:\Users\satwi\AppData\Local\Microsoft\WindowsApps;C:\Users\satwi\AppData\Local\Programs\Microsoft VS Code\bin;C:\Users\satwi\AppData\Roaming\npm;E:\Flutter\FLUTTER SOFTWARE\src\flutter\bin;;C:\Windows\system32;
USERNAME=satwi
OS=Windows_NT
PROCESSOR_IDENTIFIER=Intel64 Family 6 Model 158 Stepping 10, GenuineIntel



---------------  S Y S T E M  ---------------

OS: Windows 10 , 64 bit Build 19041 (10.0.19041.928)

CPU:total 12 (initial active 12) (6 cores per cpu, 2 threads per core) family 6 model 158 stepping 10, cmov, cx8, fxsr, mmx, sse, sse2, sse3, ssse3, sse4.1, sse4.2, popcnt, avx, avx2, aes, clmul, erms, 3dnowpref, lzcnt, ht, tsc, tscinvbit, bmi1, bmi2, adx, fma

Memory: 4k page, system-wide physical 8036M (342M free)
TotalPageFile size 23162M (AvailPageFile size 40M)
current process WorkingSet (physical memory assigned to process): 9M, peak: 9M
current process commit charge ("private bytes"): 64M, peak: 190M

vm_info: Java HotSpot(TM) 64-Bit Server VM (11.0.7+8-LTS) for windows-amd64 JRE (11.0.7+8-LTS), built on Mar 12 2020 02:04:32 by "mach5one" with MS VC++ 15.5 (VS2017)

END.
